<?xml version="1.0" encoding="UTF-8"?>
<!-- Generated by org.testng.reporters.JUnitXMLReporter -->
<testsuite ignored="0" hostname="LENOVO" failures="0" tests="2" name="Default test" time="74.564" errors="0" timestamp="2022-09-06T20:52:13 IST">
  <testcase classname="com.grubbrr.webautomation.test.OrdersFlowParallelTest" name="Make_Order" time="73.004"/>
  <testcase classname="com.grubbrr.webautomation.test.OrdersFlowParallelTest" name="Make_Order" time="74.443"/>
</testsuite> <!-- Default test -->
