<?xml version="1.0" encoding="UTF-8"?>
<testng-results ignored="0" total="2" passed="2" failed="0" skipped="0">
  <reporter-output>
  </reporter-output>
  <suite started-at="2022-09-06T21:41:48 IST" name="ParallelExecutionDP" finished-at="2022-09-06T21:43:03 IST" duration-ms="75077">
    <groups>
    </groups>
    <test started-at="2022-09-06T21:41:48 IST" name="Test" finished-at="2022-09-06T21:43:03 IST" duration-ms="75077">
      <class name="com.grubbrr.webautomation.test.OrdersFlowParallelTest">
        <test-method signature="Make_Order(java.lang.String,java.lang.String)[pri:0, instance:com.grubbrr.webautomation.test.OrdersFlowParallelTest@6d4d66d2]" started-at="2022-09-06T21:41:48 IST" name="Make_Order" data-provider="Make_Order" finished-at="2022-09-06T21:43:01 IST" duration-ms="73050" status="PASS">
          <params>
            <param index="0">
              <value>
                <![CDATA[Automationa]]>
              </value>
            </param>
            <param index="1">
              <value>
                <![CDATA[Automation1@auto.com]]>
              </value>
            </param>
          </params>
          <reporter-output>
          </reporter-output>
        </test-method> <!-- Make_Order -->
        <test-method signature="Make_Order(java.lang.String,java.lang.String)[pri:0, instance:com.grubbrr.webautomation.test.OrdersFlowParallelTest@6d4d66d2]" started-at="2022-09-06T21:41:48 IST" name="Make_Order" data-provider="Make_Order" finished-at="2022-09-06T21:43:03 IST" duration-ms="74934" status="PASS">
          <params>
            <param index="0">
              <value>
                <![CDATA[Automationb]]>
              </value>
            </param>
            <param index="1">
              <value>
                <![CDATA[Automation2@auto.com]]>
              </value>
            </param>
          </params>
          <reporter-output>
          </reporter-output>
        </test-method> <!-- Make_Order -->
      </class> <!-- com.grubbrr.webautomation.test.OrdersFlowParallelTest -->
    </test> <!-- Test -->
  </suite> <!-- ParallelExecutionDP -->
</testng-results>
